# JRE version: Java(TM) SE Runtime Environment (19.0.2+7) (build 19.0.2+7-44)
# Java VM: Java HotSpot(TM) 64-Bit Server VM (19.0.2+7-44, mixed mode, sharing, tiered, compressed oops, compressed class ptrs, g1 gc, windows-amd64)
GC Precious Log:
 CardTable entry size: 512
 Card Set container configuration: InlinePtr #cards 5 size 8 Array Of Cards #cards 12 size 40 Howl #buckets 4 coarsen threshold 1843 Howl Bitmap #cards 512 size 80 coarsen threshold 460 Card regions per heap region 1 cards per card region 2048
 CPUs: 4 total, 4 available
 Memory: 3764M
 Large Page Support: Disabled
 NUMA Support: Disabled
 Compressed Oops: Enabled (32-bit)
 Heap Region Size: 1M
 Heap Min Capacity: 8M
 Heap Initial Capacity: 60M
 Heap Max Capacity: 942M
 Pre-touch: Disabled
 Parallel Workers: 4
 Concurrent Workers: 1
 Concurrent Refinement Workers: 4
 Periodic GC: Disabled
Heap:
 garbage-first heap   total 75776K, used 36348K [0x00000000c5200000, 0x0000000100000000)
  region size 1024K, 21 young (21504K), 4 survivors (4096K)
 Metaspace       used 40053K, committed 40576K, reserved 1114112K
  class space    used 5178K, committed 5440K, reserved 1048576K
GC Heap History (18 events):
Event: 1.780 GC heap before
{Heap before GC invocations=0 (full 0):
 garbage-first heap   total 61440K, used 13312K [0x00000000c5200000, 0x0000000100000000)
  region size 1024K, 13 young (13312K), 0 survivors (0K)
 Metaspace       used 3460K, committed 3648K, reserved 1114112K
  class space    used 345K, committed 448K, reserved 1048576K
}
Event: 1.794 GC heap after
{Heap after GC invocations=1 (full 0):
 garbage-first heap   total 61440K, used 6525K [0x00000000c5200000, 0x0000000100000000)
  region size 1024K, 2 young (2048K), 2 survivors (2048K)
 Metaspace       used 3460K, committed 3648K, reserved 1114112K
  class space    used 345K, committed 448K, reserved 1048576K
}
Event: 2.850 GC heap before
{Heap before GC invocations=1 (full 0):
 garbage-first heap   total 61440K, used 18813K [0x00000000c5200000, 0x0000000100000000)
  region size 1024K, 14 young (14336K), 2 survivors (2048K)
 Metaspace       used 7294K, committed 7552K, reserved 1114112K
  class space    used 853K, committed 960K, reserved 1048576K
}
Event: 2.863 GC heap after
{Heap after GC invocations=2 (full 0):
 garbage-first heap   total 61440K, used 7683K [0x00000000c5200000, 0x0000000100000000)
  region size 1024K, 2 young (2048K), 2 survivors (2048K)
 Metaspace       used 7294K, committed 7552K, reserved 1114112K
  class space    used 853K, committed 960K, reserved 1048576K
}
Event: 3.914 GC heap before
{Heap before GC invocations=2 (full 0):
 garbage-first heap   total 61440K, used 27139K [0x00000000c5200000, 0x0000000100000000)
  region size 1024K, 22 young (22528K), 2 survivors (2048K)
 Metaspace       used 12490K, committed 12736K, reserved 1114112K
  class space    used 1611K, committed 1728K, reserved 1048576K
}
Event: 3.927 GC heap after
{Heap after GC invocations=3 (full 0):
 garbage-first heap   total 61440K, used 9113K [0x00000000c5200000, 0x0000000100000000)
  region size 1024K, 3 young (3072K), 3 survivors (3072K)
 Metaspace       used 12490K, committed 12736K, reserved 1114112K
  class space    used 1611K, committed 1728K, reserved 1048576K
}
Event: 5.197 GC heap before
{Heap before GC invocations=3 (full 0):
 garbage-first heap   total 61440K, used 37785K [0x00000000c5200000, 0x0000000100000000)
  region size 1024K, 32 young (32768K), 3 survivors (3072K)
 Metaspace       used 19228K, committed 19456K, reserved 1114112K
  class space    used 2339K, committed 2432K, reserved 1048576K
}
Event: 5.212 GC heap after
{Heap after GC invocations=4 (full 0):
 garbage-first heap   total 61440K, used 11754K [0x00000000c5200000, 0x0000000100000000)
  region size 1024K, 4 young (4096K), 4 survivors (4096K)
 Metaspace       used 19228K, committed 19456K, reserved 1114112K
  class space    used 2339K, committed 2432K, reserved 1048576K
}
Event: 5.742 GC heap before
{Heap before GC invocations=4 (full 0):
 garbage-first heap   total 61440K, used 24042K [0x00000000c5200000, 0x0000000100000000)
  region size 1024K, 17 young (17408K), 4 survivors (4096K)
 Metaspace       used 21228K, committed 21504K, reserved 1114112K
  class space    used 2591K, committed 2688K, reserved 1048576K
}
Event: 5.762 GC heap after
{Heap after GC invocations=5 (full 0):
 garbage-first heap   total 61440K, used 13758K [0x00000000c5200000, 0x0000000100000000)
  region size 1024K, 2 young (2048K), 2 survivors (2048K)
 Metaspace       used 21228K, committed 21504K, reserved 1114112K
  class space    used 2591K, committed 2688K, reserved 1048576K
}
Event: 8.513 GC heap before
{Heap before GC invocations=6 (full 0):
 garbage-first heap   total 51200K, used 42430K [0x00000000c5200000, 0x0000000100000000)
  region size 1024K, 30 young (30720K), 2 survivors (2048K)
 Metaspace       used 25951K, committed 26368K, reserved 1114112K
  class space    used 3214K, committed 3392K, reserved 1048576K
}
Event: 8.538 GC heap after
{Heap after GC invocations=7 (full 0):
 garbage-first heap   total 51200K, used 16423K [0x00000000c5200000, 0x0000000100000000)
  region size 1024K, 4 young (4096K), 4 survivors (4096K)
 Metaspace       used 25951K, committed 26368K, reserved 1114112K
  class space    used 3214K, committed 3392K, reserved 1048576K
}
Event: 8.613 GC heap before
{Heap before GC invocations=7 (full 0):
 garbage-first heap   total 51200K, used 17447K [0x00000000c5200000, 0x0000000100000000)
  region size 1024K, 5 young (5120K), 4 survivors (4096K)
 Metaspace       used 26118K, committed 26560K, reserved 1114112K
  class space    used 3237K, committed 3456K, reserved 1048576K
}
Event: 8.638 GC heap after
{Heap after GC invocations=8 (full 0):
 garbage-first heap   total 51200K, used 17020K [0x00000000c5200000, 0x0000000100000000)
  region size 1024K, 1 young (1024K), 1 survivors (1024K)
 Metaspace       used 26118K, committed 26560K, reserved 1114112K
  class space    used 3237K, committed 3456K, reserved 1048576K
}
Event: 10.312 GC heap before
{Heap before GC invocations=8 (full 0):
 garbage-first heap   total 51200K, used 35452K [0x00000000c5200000, 0x0000000100000000)
  region size 1024K, 20 young (20480K), 1 survivors (1024K)
 Metaspace       used 30896K, committed 31424K, reserved 1114112K
  class space    used 3856K, committed 4096K, reserved 1048576K
}
Event: 10.329 GC heap after
{Heap after GC invocations=9 (full 0):
 garbage-first heap   total 92160K, used 18772K [0x00000000c5200000, 0x0000000100000000)
  region size 1024K, 3 young (3072K), 3 survivors (3072K)
 Metaspace       used 30896K, committed 31424K, reserved 1114112K
  class space    used 3856K, committed 4096K, reserved 1048576K
}
Event: 11.920 GC heap before
{Heap before GC invocations=9 (full 0):
 garbage-first heap   total 92160K, used 39252K [0x00000000c5200000, 0x0000000100000000)
  region size 1024K, 25 young (25600K), 3 survivors (3072K)
 Metaspace       used 35460K, committed 35968K, reserved 1114112K
  class space    used 4512K, committed 4800K, reserved 1048576K
}
Event: 11.932 GC heap after
{Heap after GC invocations=10 (full 0):
 garbage-first heap   total 92160K, used 19964K [0x00000000c5200000, 0x0000000100000000)
  region size 1024K, 4 young (4096K), 4 survivors (4096K)
 Metaspace       used 35460K, committed 35968K, reserved 1114112K
  class space    used 4512K, committed 4800K, reserved 1048576K
}

